<?xml version="1.0" encoding="UTF-8"?>
<!-- Generated by org.testng.reporters.JUnitXMLReporter -->
<testsuite hostname="LAPTOP-CEPNQT7N" name="DataProviderTest" tests="6" failures="0" timestamp="5 Mar 2017 13:05:04 GMT" time="1.141" errors="0">
  <testcase name="testLogin" time="0.001" classname="multipleDataProviders.Login"/>
  <testcase name="addProduct" time="0.001" classname="multipleDataProviders.AddProduct"/>
  <testcase name="testLogin" time="0.0" classname="multipleDataProviders.Login"/>
  <testcase name="addProduct" time="0.0" classname="multipleDataProviders.AddProduct"/>
  <testcase name="searchProduct" time="0.0" classname="multipleDataProviders.SearchFunctionality"/>
  <testcase name="searchProduct" time="0.0" classname="multipleDataProviders.SearchFunctionality"/>
</testsuite> <!-- DataProviderTest -->
