<?xml version="1.0" encoding="UTF-8"?>
<!-- Generated by org.testng.reporters.JUnitXMLReporter -->
<testsuite hostname="USMUMAANNALDAS2" name="Sequence" tests="3" failures="0" timestamp="8 Oct 2016 13:29:35 GMT" time="0.034" errors="0">
  <testcase name="f" time="0.0" classname="TestNGAnnotations.AnnotationSequence">
    <skipped/>
  </testcase> <!-- f -->
  <testcase name="f1" time="0.002" classname="TestNGAnnotations.AnnotationSequence"/>
  <testcase name="testingParameters" time="0.0" classname="TestNGAnnotations.AnnotationSequence">
    <skipped/>
  </testcase> <!-- testingParameters -->
</testsuite> <!-- Sequence -->
