<?xml version="1.0" encoding="UTF-8"?>
<!-- Generated by org.testng.reporters.JUnitXMLReporter -->
<testsuite hostname="USMUMAANNALDAS2" name="Testing Parameterization of Data_2" tests="3" failures="0" timestamp="1 Oct 2016 11:14:26 GMT" time="0.008" errors="0">
  <testcase name="f" time="0.001" classname="TestNGAnnotations.AnnotationSequence"/>
  <testcase name="f1" time="0.001" classname="TestNGAnnotations.AnnotationSequence"/>
  <testcase name="testingParameters" time="0.001" classname="TestNGAnnotations.AnnotationSequence"/>
</testsuite> <!-- Testing Parameterization of Data_2 -->
