<?xml version="1.0" encoding="UTF-8"?>
<!-- Generated by org.testng.reporters.JUnitXMLReporter -->
<testsuite hostname="USMUMAANNALDAS2" name="Testing Groups in TestNG" tests="5" failures="0" timestamp="1 Oct 2016 09:51:39 GMT" time="0.027" errors="0">
  <testcase name="addItems" time="0.005" classname="TestNGAnnotations.Groups"/>
  <testcase name="deleteItems" time="0.0" classname="TestNGAnnotations.Groups"/>
  <testcase name="openGmail" time="0.001" classname="TestNGAnnotations.Groups"/>
  <testcase name="composeEmail" time="0.001" classname="TestNGAnnotations.Groups"/>
  <testcase name="sendEmail" time="0.001" classname="TestNGAnnotations.Groups"/>
</testsuite> <!-- Testing Groups in TestNG -->
