<?xml version="1.0" encoding="UTF-8"?>
<!-- Generated by org.testng.reporters.JUnitXMLReporter -->
<testsuite hostname="USMUMAANNALDAS2" name="Default test" tests="4" failures="0" timestamp="27 Sep 2016 03:16:07 GMT" time="0.064" errors="0">
  <testcase name="Method1" time="0.008" classname="BeforeTest_BeforeClass.Class1"/>
  <testcase name="Method2" time="0.004" classname="BeforeTest_BeforeClass.Class1"/>
  <testcase name="Method3" time="0.003" classname="BeforeTest_BeforeClass.Class2"/>
  <testcase name="Method4" time="0.001" classname="BeforeTest_BeforeClass.Class2"/>
</testsuite> <!-- Default test -->
